\BOOKMARK [0][-]{chapter.1}{Introduction}{}% 1
\BOOKMARK [0][-]{chapter.2}{Preliminaries}{}% 2
\BOOKMARK [1][-]{section.2.1}{Reinforcement learning}{chapter.2}% 3
\BOOKMARK [2][-]{subsection.2.1.1}{General overview}{section.2.1}% 4
\BOOKMARK [2][-]{subsection.2.1.2}{Artificial neural networks}{section.2.1}% 5
\BOOKMARK [2][-]{subsection.2.1.3}{Double deep-q-network}{section.2.1}% 6
\BOOKMARK [1][-]{section.2.2}{State-space dimensionality reduction}{chapter.2}% 7
\BOOKMARK [2][-]{subsection.2.2.1}{Principal Component Analysis}{section.2.2}% 8
\BOOKMARK [2][-]{subsection.2.2.2}{Autoencoder}{section.2.2}% 9
\BOOKMARK [2][-]{subsection.2.2.3}{DeepMDP}{section.2.2}% 10
\BOOKMARK [0][-]{chapter.3}{Research}{}% 11
\BOOKMARK [1][-]{section.3.1}{Method}{chapter.3}% 12
\BOOKMARK [2][-]{subsection.3.1.1}{Environment: Starcraft II}{section.3.1}% 13
\BOOKMARK [2][-]{subsection.3.1.2}{Experiments}{section.3.1}% 14
\BOOKMARK [1][-]{section.3.2}{Results}{chapter.3}% 15
\BOOKMARK [2][-]{subsection.3.2.1}{Research results}{section.3.2}% 16
\BOOKMARK [2][-]{subsection.3.2.2}{Discussion}{section.3.2}% 17
\BOOKMARK [0][-]{chapter.4}{Related Work}{}% 18
\BOOKMARK [0][-]{chapter.5}{Conclusions}{}% 19
\BOOKMARK [0][-]{appendix.A}{Appendix}{}% 20
\BOOKMARK [1][-]{section.A.1}{RL agent architectures}{appendix.A}% 21
\BOOKMARK [2][-]{subsection.A.1.1}{Baseline agent}{section.A.1}% 22
\BOOKMARK [2][-]{subsection.A.1.2}{PCA agent}{section.A.1}% 23
\BOOKMARK [2][-]{subsection.A.1.3}{Pre-trained and online trained autoencoder agent}{section.A.1}% 24
\BOOKMARK [2][-]{subsection.A.1.4}{DeepMDP agent}{section.A.1}% 25
